  Reading Qt configuration (C:/Qt/Qt5.14.1/5.14.1/msvc2017_64/bin/qmake)
  moc guoxuan.h
  AlgoThread.cpp
  AlgoViMo.cpp
  ViMoAlgoBase.cpp
  ViMoAlgoClassification.cpp
  ViMoAlgoDetection.cpp
  ViMoAlgoOCR.cpp
  ViMoAlgoSegmentation.cpp
  DynamicWidget.cpp
  ImageSouceBase.cpp
  ImageSourceCamera.cpp
  ImageSourceCameraSetting.cpp
  ImageSourceFile.cpp
  ImageSourceFileSetting.cpp
  ImageSourceSetting.cpp
  MyStation.cpp
  PublicParamter.cpp
  ResultSetting.cpp
  CommunicationSetting.cpp
  ShowSetting.cpp
  ProgrammeMannger.cpp
  SaveImageWidget.cpp
  SoftSetting.cpp
  RenderSetWidget.cpp
  ThresholdBase.cpp
  ThresholdSet.cpp
  ThresholdClassification.cpp
  ThresholdDetection.cpp
  ThresholdOCR.cpp
  ThresholdSegmentation.cpp
  DataStatistics.cpp
  ImageWindow.cpp
  ModelConfigDialg.cpp
  SoftInfoDialog.cpp
  WaittingDialog.cpp
  MyTableWidget.cpp
  GpuMonitor.cpp
  OneMonitorWidget.cpp
  ResultsListWidget.cpp
  SoftTriggerConnect.cpp
  ConfigProgramme.cpp
  JsonReader.cpp
  SaveImage.cpp
  guoxuan.cpp
  main.cpp
d:\mhy\coding\smore_vilab\dynamicwidget\guoxuan.cpp(345): warning C4715: “guoxuan::sendPLC”: 不是所有的控件路径都返回值
  moc_AlgoThread.cpp
  moc_CommunicationSetting.cpp
  moc_DataStatistics.cpp
  moc_DynamicWidget.cpp
  moc_GpuMonitor.cpp
  moc_ImageSouceBase.cpp
  moc_ImageSourceCameraSetting.cpp
  moc_ImageSourceFile.cpp
  moc_ImageSourceSetting.cpp
  moc_ImageWindow.cpp
  moc_JsonReader.cpp
  moc_ModelConfigDialg.cpp
  moc_MyStation.cpp
  moc_MyTableWidget.cpp
  moc_OneMonitorWidget.cpp
  moc_RenderSetWidget.cpp
  moc_ResultSetting.cpp
  moc_ResultsListWidget.cpp
  moc_SaveImageWidget.cpp
  moc_SoftSetting.cpp
  moc_ThresholdBase.cpp
  moc_ThresholdClassification.cpp
  moc_ThresholdDetection.cpp
  moc_ThresholdOCR.cpp
  moc_ThresholdSegmentation.cpp
  moc_ThresholdSet.cpp
  moc_guoxuan.cpp
  DynamicWidget.vcxproj -> D:\Mhy\coding\smore_vilab\x64\Release\SMore ViLab.exe
