d:\mhy\coding\smore_vilab\dynamicwidget\x64\release\vc141.pdb
d:\mhy\coding\smore_vilab\dynamicwidget\x64\release\qrc_dynamicwidget.obj
d:\mhy\coding\smore_vilab\dynamicwidget\x64\release\communicatemc_bin.obj
d:\mhy\coding\smore_vilab\dynamicwidget\x64\release\guoxuan.obj
d:\mhy\coding\smore_vilab\dynamicwidget\x64\release\imagesourcefilesetting.obj
d:\mhy\coding\smore_vilab\dynamicwidget\x64\release\imagewindow.obj
d:\mhy\coding\smore_vilab\dynamicwidget\x64\release\dialogserialsettings.obj
d:\mhy\coding\smore_vilab\dynamicwidget\x64\release\saveimage.obj
d:\mhy\coding\smore_vilab\dynamicwidget\x64\release\saveimagewidget.obj
d:\mhy\coding\smore_vilab\dynamicwidget\x64\release\dialogtitlebar.obj
d:\mhy\coding\smore_vilab\dynamicwidget\x64\release\mytablewidget.obj
d:\mhy\coding\smore_vilab\dynamicwidget\x64\release\communicatetcp.obj
d:\mhy\coding\smore_vilab\dynamicwidget\x64\release\datamanager.obj
d:\mhy\coding\smore_vilab\dynamicwidget\x64\release\imagesourcecamerasetting.obj
d:\mhy\coding\smore_vilab\dynamicwidget\x64\release\datastatistics.obj
d:\mhy\coding\smore_vilab\dynamicwidget\x64\release\vimoalgobase.obj
d:\mhy\coding\smore_vilab\dynamicwidget\x64\release\imagesourcesetting.obj
d:\mhy\coding\smore_vilab\dynamicwidget\x64\release\softinfodialog.obj
d:\mhy\coding\smore_vilab\dynamicwidget\x64\release\vimoalgodetection.obj
d:\mhy\coding\smore_vilab\dynamicwidget\x64\release\addcommunicationdialog.obj
d:\mhy\coding\smore_vilab\dynamicwidget\x64\release\softsetting.obj
d:\mhy\coding\smore_vilab\dynamicwidget\x64\release\dockwidgettitter.obj
d:\mhy\coding\smore_vilab\dynamicwidget\x64\release\onemonitorwidget.obj
d:\mhy\coding\smore_vilab\dynamicwidget\x64\release\communicatebase.obj
d:\mhy\coding\smore_vilab\dynamicwidget\x64\release\softtriggerconnect.obj
d:\mhy\coding\smore_vilab\dynamicwidget\x64\release\createprogrammename.obj
d:\mhy\coding\smore_vilab\dynamicwidget\x64\release\rendersetwidget.obj
d:\mhy\coding\smore_vilab\dynamicwidget\x64\release\mydoublevalidator.obj
d:\mhy\coding\smore_vilab\dynamicwidget\x64\release\gpumonitor.obj
d:\mhy\coding\smore_vilab\dynamicwidget\x64\release\dialogtcpsettings.obj
d:\mhy\coding\smore_vilab\dynamicwidget\x64\release\configmanager.obj
d:\mhy\coding\smore_vilab\dynamicwidget\x64\release\imagesoucebase.obj
d:\mhy\coding\smore_vilab\dynamicwidget\x64\release\thresholdset.obj
d:\mhy\coding\smore_vilab\dynamicwidget\x64\release\timestatistics.obj
d:\mhy\coding\smore_vilab\dynamicwidget\x64\release\vimoalgoocr.obj
d:\mhy\coding\smore_vilab\dynamicwidget\x64\release\resultsetting.obj
d:\mhy\coding\smore_vilab\dynamicwidget\x64\release\sqlitesetting.obj
d:\mhy\coding\smore_vilab\dynamicwidget\x64\release\thresholddetection.obj
d:\mhy\coding\smore_vilab\dynamicwidget\x64\release\resultslistwidget.obj
d:\mhy\coding\smore_vilab\dynamicwidget\x64\release\dialogmcbinsetting.obj
d:\mhy\coding\smore_vilab\dynamicwidget\x64\release\jsonreader.obj
d:\mhy\coding\smore_vilab\dynamicwidget\x64\release\programmemannger.obj
d:\mhy\coding\smore_vilab\dynamicwidget\x64\release\mytoolbar.obj
d:\mhy\coding\smore_vilab\dynamicwidget\x64\release\setingitem.obj
d:\mhy\coding\smore_vilab\dynamicwidget\x64\release\communicateserial.obj
d:\mhy\coding\smore_vilab\dynamicwidget\x64\release\configprogramme.obj
d:\mhy\coding\smore_vilab\dynamicwidget\x64\release\thresholdbase.obj
d:\mhy\coding\smore_vilab\dynamicwidget\x64\release\mylabel.obj
d:\mhy\coding\smore_vilab\dynamicwidget\x64\release\dynamicwidget.obj
d:\mhy\coding\smore_vilab\dynamicwidget\x64\release\vimoalgoclassification.obj
d:\mhy\coding\smore_vilab\dynamicwidget\x64\release\mystation.obj
d:\mhy\coding\smore_vilab\dynamicwidget\x64\release\waittingdialog.obj
d:\mhy\coding\smore_vilab\dynamicwidget\x64\release\algovimo.obj
d:\mhy\coding\smore_vilab\dynamicwidget\x64\release\publicparamter.obj
d:\mhy\coding\smore_vilab\dynamicwidget\x64\release\thresholdocr.obj
d:\mhy\coding\smore_vilab\dynamicwidget\x64\release\main.obj
d:\mhy\coding\smore_vilab\dynamicwidget\x64\release\vimoalgosegmentation.obj
d:\mhy\coding\smore_vilab\dynamicwidget\x64\release\communicationsetting.obj
d:\mhy\coding\smore_vilab\dynamicwidget\x64\release\thresholdsegmentation.obj
d:\mhy\coding\smore_vilab\dynamicwidget\x64\release\melsec_mc_ascii.obj
d:\mhy\coding\smore_vilab\dynamicwidget\x64\release\melsec_mc_bin.obj
d:\mhy\coding\smore_vilab\dynamicwidget\x64\release\utill.obj
d:\mhy\coding\smore_vilab\dynamicwidget\x64\release\camera.obj
d:\mhy\coding\smore_vilab\dynamicwidget\x64\release\imagesourcecamera.obj
d:\mhy\coding\smore_vilab\dynamicwidget\x64\release\thresholdclassification.obj
d:\mhy\coding\smore_vilab\dynamicwidget\x64\release\performancemonitortitle.obj
d:\mhy\coding\smore_vilab\dynamicwidget\x64\release\melsec_helper.obj
d:\mhy\coding\smore_vilab\dynamicwidget\x64\release\melsec_mc_comm.obj
d:\mhy\coding\smore_vilab\dynamicwidget\x64\release\socket.obj
d:\mhy\coding\smore_vilab\dynamicwidget\x64\release\camerahikvision.obj
d:\mhy\coding\smore_vilab\dynamicwidget\x64\release\imagesourcefile.obj
d:\mhy\coding\smore_vilab\dynamicwidget\x64\release\modelconfigdialg.obj
d:\mhy\coding\smore_vilab\dynamicwidget\x64\release\algothread.obj
d:\mhy\coding\smore_vilab\dynamicwidget\x64\release\showsetting.obj
d:\mhy\coding\smore_vilab\dynamicwidget\x64\release\mytitlebar.obj
d:\mhy\coding\smore_vilab\dynamicwidget\x64\release\mylogobutton.obj
d:\mhy\coding\smore_vilab\dynamicwidget\x64\release\moc_mytitlebar.obj
d:\mhy\coding\smore_vilab\dynamicwidget\x64\release\moc_datastatistics.obj
d:\mhy\coding\smore_vilab\dynamicwidget\x64\release\moc_communicateserial.obj
d:\mhy\coding\smore_vilab\dynamicwidget\x64\release\moc_softtriggerconnect.obj
d:\mhy\coding\smore_vilab\dynamicwidget\x64\release\moc_dialogtitlebar.obj
d:\mhy\coding\smore_vilab\dynamicwidget\x64\release\moc_mylogobutton.obj
d:\mhy\coding\smore_vilab\dynamicwidget\x64\release\moc_thresholdsegmentation.obj
d:\mhy\coding\smore_vilab\dynamicwidget\x64\release\moc_algothread.obj
d:\mhy\coding\smore_vilab\dynamicwidget\x64\release\moc_performancemonitortitle.obj
d:\mhy\coding\smore_vilab\dynamicwidget\x64\release\moc_saveimagewidget.obj
d:\mhy\coding\smore_vilab\dynamicwidget\x64\release\moc_dialogserialsettings.obj
d:\mhy\coding\smore_vilab\dynamicwidget\x64\release\moc_datamanager.obj
d:\mhy\coding\smore_vilab\dynamicwidget\x64\release\moc_sqlitesetting.obj
d:\mhy\coding\smore_vilab\dynamicwidget\x64\release\moc_showsetting.obj
d:\mhy\coding\smore_vilab\dynamicwidget\x64\release\moc_thresholdocr.obj
d:\mhy\coding\smore_vilab\dynamicwidget\x64\release\moc_jsonreader.obj
d:\mhy\coding\smore_vilab\dynamicwidget\x64\release\moc_dynamicwidget.obj
d:\mhy\coding\smore_vilab\dynamicwidget\x64\release\moc_camerahikvision.obj
d:\mhy\coding\smore_vilab\dynamicwidget\x64\release\moc_imagesourcecamerasetting.obj
d:\mhy\coding\smore_vilab\dynamicwidget\x64\release\moc_softinfodialog.obj
d:\mhy\coding\smore_vilab\dynamicwidget\x64\release\moc_mydoublevalidator.obj
d:\mhy\coding\smore_vilab\dynamicwidget\x64\release\moc_createprogrammename.obj
d:\mhy\coding\smore_vilab\dynamicwidget\x64\release\moc_mystation.obj
d:\mhy\coding\smore_vilab\dynamicwidget\x64\release\moc_gpumonitor.obj
d:\mhy\coding\smore_vilab\dynamicwidget\x64\release\moc_rendersetwidget.obj
d:\mhy\coding\smore_vilab\dynamicwidget\x64\release\moc_imagesourcesetting.obj
d:\mhy\coding\smore_vilab\dynamicwidget\x64\release\moc_resultslistwidget.obj
d:\mhy\coding\smore_vilab\dynamicwidget\x64\release\moc_thresholdbase.obj
d:\mhy\coding\smore_vilab\dynamicwidget\x64\release\moc_modelconfigdialg.obj
d:\mhy\coding\smore_vilab\dynamicwidget\x64\release\moc_thresholdset.obj
d:\mhy\coding\smore_vilab\dynamicwidget\x64\release\moc_waittingdialog.obj
d:\mhy\coding\smore_vilab\dynamicwidget\x64\release\moc_mytablewidget.obj
d:\mhy\coding\smore_vilab\dynamicwidget\x64\release\moc_communicatetcp.obj
d:\mhy\coding\smore_vilab\dynamicwidget\x64\release\moc_imagesoucebase.obj
d:\mhy\coding\smore_vilab\dynamicwidget\x64\release\moc_onemonitorwidget.obj
d:\mhy\coding\smore_vilab\dynamicwidget\x64\release\moc_thresholdclassification.obj
d:\mhy\coding\smore_vilab\dynamicwidget\x64\release\moc_imagesourcefilesetting.obj
d:\mhy\coding\smore_vilab\dynamicwidget\x64\release\moc_dockwidgettitter.obj
d:\mhy\coding\smore_vilab\dynamicwidget\x64\release\moc_mylabel.obj
d:\mhy\coding\smore_vilab\dynamicwidget\x64\release\moc_communicationsetting.obj
d:\mhy\coding\smore_vilab\dynamicwidget\x64\release\moc_dialogmcbinsetting.obj
d:\mhy\coding\smore_vilab\dynamicwidget\x64\release\moc_timestatistics.obj
d:\mhy\coding\smore_vilab\dynamicwidget\x64\release\moc_setingitem.obj
d:\mhy\coding\smore_vilab\dynamicwidget\x64\release\moc_addcommunicationdialog.obj
d:\mhy\coding\smore_vilab\dynamicwidget\x64\release\moc_camera.obj
d:\mhy\coding\smore_vilab\dynamicwidget\x64\release\moc_guoxuan.obj
d:\mhy\coding\smore_vilab\dynamicwidget\x64\release\moc_configmanager.obj
d:\mhy\coding\smore_vilab\dynamicwidget\x64\release\moc_imagewindow.obj
d:\mhy\coding\smore_vilab\dynamicwidget\x64\release\moc_communicatebase.obj
d:\mhy\coding\smore_vilab\dynamicwidget\x64\release\moc_communicatemc_bin.obj
d:\mhy\coding\smore_vilab\dynamicwidget\x64\release\moc_mytoolbar.obj
d:\mhy\coding\smore_vilab\dynamicwidget\x64\release\moc_softsetting.obj
d:\mhy\coding\smore_vilab\dynamicwidget\x64\release\moc_dialogtcpsettings.obj
d:\mhy\coding\smore_vilab\dynamicwidget\x64\release\moc_imagesourcefile.obj
d:\mhy\coding\smore_vilab\dynamicwidget\x64\release\moc_resultsetting.obj
d:\mhy\coding\smore_vilab\dynamicwidget\x64\release\moc_programmemannger.obj
d:\mhy\coding\smore_vilab\dynamicwidget\x64\release\moc_thresholddetection.obj
d:\mhy\coding\smore_vilab\dynamicwidget\x64\release\moc_saveimage.obj
d:\mhy\coding\smore_vilab\dynamicwidget\x64\release\uic\ui_dialogmcbinsetting.h
d:\mhy\coding\smore_vilab\dynamicwidget\x64\release\uic\ui_dialogserialsettings.h
d:\mhy\coding\smore_vilab\dynamicwidget\x64\release\uic\ui_dialogtcpsettings.h
d:\mhy\coding\smore_vilab\dynamicwidget\x64\release\uic\ui_datamanager.h
d:\mhy\coding\smore_vilab\dynamicwidget\x64\release\uic\ui_dynamicwidget.h
d:\mhy\coding\smore_vilab\dynamicwidget\x64\release\uic\ui_imagesourcecamerasetting.h
d:\mhy\coding\smore_vilab\dynamicwidget\x64\release\uic\ui_imagesourcefilesetting.h
d:\mhy\coding\smore_vilab\dynamicwidget\x64\release\uic\ui_imagesourcesetting.h
d:\mhy\coding\smore_vilab\dynamicwidget\x64\release\uic\ui_resultsetting.h
d:\mhy\coding\smore_vilab\dynamicwidget\x64\release\uic\ui_addcommunicationdialog.h
d:\mhy\coding\smore_vilab\dynamicwidget\x64\release\uic\ui_communicationsetting.h
d:\mhy\coding\smore_vilab\dynamicwidget\x64\release\uic\ui_showsetting.h
d:\mhy\coding\smore_vilab\dynamicwidget\x64\release\uic\ui_createprogrammename.h
d:\mhy\coding\smore_vilab\dynamicwidget\x64\release\uic\ui_programmemannger.h
d:\mhy\coding\smore_vilab\dynamicwidget\x64\release\uic\ui_saveimagewidget.h
d:\mhy\coding\smore_vilab\dynamicwidget\x64\release\uic\ui_softsetting.h
d:\mhy\coding\smore_vilab\dynamicwidget\x64\release\uic\ui_rendersetwidget.h
d:\mhy\coding\smore_vilab\dynamicwidget\x64\release\uic\ui_thresholdset.h
d:\mhy\coding\smore_vilab\dynamicwidget\x64\release\uic\ui_thresholdclassification.h
d:\mhy\coding\smore_vilab\dynamicwidget\x64\release\uic\ui_thresholddetection.h
d:\mhy\coding\smore_vilab\dynamicwidget\x64\release\uic\ui_thresholdocr.h
d:\mhy\coding\smore_vilab\dynamicwidget\x64\release\uic\ui_thresholdsegmentation.h
d:\mhy\coding\smore_vilab\dynamicwidget\x64\release\uic\ui_datastatistics.h
d:\mhy\coding\smore_vilab\dynamicwidget\x64\release\uic\ui_imagewindow.h
d:\mhy\coding\smore_vilab\dynamicwidget\x64\release\uic\ui_modelconfigdialg.h
d:\mhy\coding\smore_vilab\dynamicwidget\x64\release\uic\ui_softinfodialog.h
d:\mhy\coding\smore_vilab\dynamicwidget\x64\release\uic\ui_waittingdialog.h
d:\mhy\coding\smore_vilab\dynamicwidget\x64\release\uic\ui_dialogtitlebar.h
d:\mhy\coding\smore_vilab\dynamicwidget\x64\release\uic\ui_dockwidgettitter.h
d:\mhy\coding\smore_vilab\dynamicwidget\x64\release\uic\ui_mylogobutton.h
d:\mhy\coding\smore_vilab\dynamicwidget\x64\release\uic\ui_setingitem.h
d:\mhy\coding\smore_vilab\dynamicwidget\x64\release\uic\ui_onemonitorwidget.h
d:\mhy\coding\smore_vilab\dynamicwidget\x64\release\uic\ui_performancemonitortitle.h
d:\mhy\coding\smore_vilab\dynamicwidget\x64\release\uic\ui_resultslistwidget.h
d:\mhy\coding\smore_vilab\dynamicwidget\x64\release\uic\ui_timestatistics.h
d:\mhy\coding\smore_vilab\dynamicwidget\x64\release\rcc\qrc_dynamicwidget.cpp
d:\mhy\coding\smore_vilab\dynamicwidget\x64\release\moc\moc_dynamicwidget.cpp
d:\mhy\coding\smore_vilab\dynamicwidget\x64\release\moc\moc_configmanager.cpp
d:\mhy\coding\smore_vilab\dynamicwidget\x64\release\moc\moc_resultsetting.cpp
d:\mhy\coding\smore_vilab\dynamicwidget\x64\release\moc\moc_sqlitesetting.cpp
d:\mhy\coding\smore_vilab\dynamicwidget\x64\release\moc\moc_performancemonitortitle.cpp
d:\mhy\coding\smore_vilab\dynamicwidget\x64\release\moc\moc_onemonitorwidget.cpp
d:\mhy\coding\smore_vilab\dynamicwidget\x64\release\moc\moc_gpumonitor.cpp
d:\mhy\coding\smore_vilab\dynamicwidget\x64\release\moc\moc_modelconfigdialg.cpp
d:\mhy\coding\smore_vilab\dynamicwidget\x64\release\moc\moc_waittingdialog.cpp
d:\mhy\coding\smore_vilab\dynamicwidget\x64\release\moc\moc_softinfodialog.cpp
d:\mhy\coding\smore_vilab\dynamicwidget\x64\release\moc\moc_dockwidgettitter.cpp
d:\mhy\coding\smore_vilab\dynamicwidget\x64\release\moc\moc_dialogtitlebar.cpp
d:\mhy\coding\smore_vilab\dynamicwidget\x64\release\moc\moc_mytoolbar.cpp
d:\mhy\coding\smore_vilab\dynamicwidget\x64\release\moc\moc_mytitlebar.cpp
d:\mhy\coding\smore_vilab\dynamicwidget\x64\release\moc\moc_timestatistics.cpp
d:\mhy\coding\smore_vilab\dynamicwidget\x64\release\moc\moc_resultslistwidget.cpp
d:\mhy\coding\smore_vilab\dynamicwidget\x64\release\moc\moc_imagewindow.cpp
d:\mhy\coding\smore_vilab\dynamicwidget\x64\release\moc\moc_datastatistics.cpp
d:\mhy\coding\smore_vilab\dynamicwidget\x64\release\moc\moc_mylabel.cpp
d:\mhy\coding\smore_vilab\dynamicwidget\x64\release\moc\moc_mytablewidget.cpp
d:\mhy\coding\smore_vilab\dynamicwidget\x64\release\moc\moc_mydoublevalidator.cpp
d:\mhy\coding\smore_vilab\dynamicwidget\x64\release\moc\moc_mylogobutton.cpp
d:\mhy\coding\smore_vilab\dynamicwidget\x64\release\moc\moc_setingitem.cpp
d:\mhy\coding\smore_vilab\dynamicwidget\x64\release\moc\moc_softsetting.cpp
d:\mhy\coding\smore_vilab\dynamicwidget\x64\release\moc\moc_showsetting.cpp
d:\mhy\coding\smore_vilab\dynamicwidget\x64\release\moc\moc_saveimagewidget.cpp
d:\mhy\coding\smore_vilab\dynamicwidget\x64\release\moc\moc_programmemannger.cpp
d:\mhy\coding\smore_vilab\dynamicwidget\x64\release\moc\moc_createprogrammename.cpp
d:\mhy\coding\smore_vilab\dynamicwidget\x64\release\moc\moc_communicationsetting.cpp
d:\mhy\coding\smore_vilab\dynamicwidget\x64\release\moc\moc_addcommunicationdialog.cpp
d:\mhy\coding\smore_vilab\dynamicwidget\x64\release\moc\moc_thresholdsegmentation.cpp
d:\mhy\coding\smore_vilab\dynamicwidget\x64\release\moc\moc_thresholdocr.cpp
d:\mhy\coding\smore_vilab\dynamicwidget\x64\release\moc\moc_thresholddetection.cpp
d:\mhy\coding\smore_vilab\dynamicwidget\x64\release\moc\moc_thresholdclassification.cpp
d:\mhy\coding\smore_vilab\dynamicwidget\x64\release\moc\moc_rendersetwidget.cpp
d:\mhy\coding\smore_vilab\dynamicwidget\x64\release\moc\moc_thresholdset.cpp
d:\mhy\coding\smore_vilab\dynamicwidget\x64\release\moc\moc_thresholdbase.cpp
d:\mhy\coding\smore_vilab\dynamicwidget\x64\release\moc\moc_mystation.cpp
d:\mhy\coding\smore_vilab\dynamicwidget\x64\release\moc\moc_camera.cpp
d:\mhy\coding\smore_vilab\dynamicwidget\x64\release\moc\moc_camerahikvision.cpp
d:\mhy\coding\smore_vilab\dynamicwidget\x64\release\moc\moc_communicatebase.cpp
d:\mhy\coding\smore_vilab\dynamicwidget\x64\release\moc\moc_communicateserial.cpp
d:\mhy\coding\smore_vilab\dynamicwidget\x64\release\moc\moc_communicatetcp.cpp
d:\mhy\coding\smore_vilab\dynamicwidget\x64\release\moc\moc_dialogserialsettings.cpp
d:\mhy\coding\smore_vilab\dynamicwidget\x64\release\moc\moc_dialogtcpsettings.cpp
d:\mhy\coding\smore_vilab\dynamicwidget\x64\release\moc\moc_communicatemc_bin.cpp
d:\mhy\coding\smore_vilab\dynamicwidget\x64\release\moc\moc_dialogmcbinsetting.cpp
d:\mhy\coding\smore_vilab\dynamicwidget\x64\release\moc\moc_algothread.cpp
d:\mhy\coding\smore_vilab\dynamicwidget\x64\release\moc\moc_softtriggerconnect.cpp
d:\mhy\coding\smore_vilab\dynamicwidget\x64\release\moc\moc_imagesoucebase.cpp
d:\mhy\coding\smore_vilab\dynamicwidget\x64\release\moc\moc_jsonreader.cpp
d:\mhy\coding\smore_vilab\dynamicwidget\x64\release\moc\moc_saveimage.cpp
d:\mhy\coding\smore_vilab\dynamicwidget\x64\release\moc\moc_datamanager.cpp
d:\mhy\coding\smore_vilab\dynamicwidget\x64\release\moc\moc_guoxuan.cpp
d:\mhy\coding\smore_vilab\dynamicwidget\x64\release\moc\moc_imagesourcecamerasetting.cpp
d:\mhy\coding\smore_vilab\dynamicwidget\x64\release\moc\moc_imagesourcefile.cpp
d:\mhy\coding\smore_vilab\dynamicwidget\x64\release\moc\moc_imagesourcefilesetting.cpp
d:\mhy\coding\smore_vilab\dynamicwidget\x64\release\moc\moc_imagesourcesetting.cpp
d:\mhy\coding\smore_vilab\x64\release\smore vilab.exe
d:\mhy\coding\smore_vilab\x64\release\smore vilab.ilk
d:\mhy\coding\smore_vilab\x64\release\smore vilab.pdb
d:\mhy\coding\smore_vilab\dynamicwidget\x64\release\dynamicwidget.res
d:\mhy\coding\smore_vilab\dynamicwidget\x64\release\dynamicwidget.tlog\cl.command.1.tlog
d:\mhy\coding\smore_vilab\dynamicwidget\x64\release\dynamicwidget.tlog\cl.read.1.tlog
d:\mhy\coding\smore_vilab\dynamicwidget\x64\release\dynamicwidget.tlog\cl.write.1.tlog
d:\mhy\coding\smore_vilab\dynamicwidget\x64\release\dynamicwidget.tlog\dynamicwidget.write.1u.tlog
d:\mhy\coding\smore_vilab\dynamicwidget\x64\release\dynamicwidget.tlog\link.command.1.tlog
d:\mhy\coding\smore_vilab\dynamicwidget\x64\release\dynamicwidget.tlog\link.read.1.tlog
d:\mhy\coding\smore_vilab\dynamicwidget\x64\release\dynamicwidget.tlog\link.write.1.tlog
d:\mhy\coding\smore_vilab\dynamicwidget\x64\release\dynamicwidget.tlog\moc.read.1u.tlog
d:\mhy\coding\smore_vilab\dynamicwidget\x64\release\dynamicwidget.tlog\moc.write.1u.tlog
d:\mhy\coding\smore_vilab\dynamicwidget\x64\release\dynamicwidget.tlog\rc.command.1.tlog
d:\mhy\coding\smore_vilab\dynamicwidget\x64\release\dynamicwidget.tlog\rc.read.1.tlog
d:\mhy\coding\smore_vilab\dynamicwidget\x64\release\dynamicwidget.tlog\rc.write.1.tlog
d:\mhy\coding\smore_vilab\dynamicwidget\x64\release\dynamicwidget.tlog\rcc.read.1u.tlog
d:\mhy\coding\smore_vilab\dynamicwidget\x64\release\dynamicwidget.tlog\rcc.write.1u.tlog
d:\mhy\coding\smore_vilab\dynamicwidget\x64\release\dynamicwidget.tlog\uic.read.1u.tlog
d:\mhy\coding\smore_vilab\dynamicwidget\x64\release\dynamicwidget.tlog\uic.write.1u.tlog
